TN:
SF:background.js
FN:37,getExtensionForLanguage
FN:44,getExtensionSettings
FN:45,(anonymous_2)
FN:51,(anonymous_3)
FN:63,(anonymous_4)
FN:72,(anonymous_5)
FN:73,(anonymous_6)
FN:79,(anonymous_7)
FN:80,(anonymous_8)
FN:86,handleTestConnection
FN:121,(anonymous_10)
FN:136,commitFileToGitHub
FN:191,buildNotesMarkdown
FN:214,handleSaveToGitHub
FNF:14
FNH:14
FNDA:8,getExtensionForLanguage
FNDA:8,getExtensionSettings
FNDA:8,(anonymous_2)
FNDA:8,(anonymous_3)
FNDA:11,(anonymous_4)
FNDA:7,(anonymous_5)
FNDA:1,(anonymous_6)
FNDA:1,(anonymous_7)
FNDA:2,(anonymous_8)
FNDA:3,handleTestConnection
FNDA:3,(anonymous_10)
FNDA:11,commitFileToGitHub
FNDA:3,buildNotesMarkdown
FNDA:8,handleSaveToGitHub
DA:4,1
DA:7,1
DA:38,8
DA:39,8
DA:40,8
DA:45,8
DA:46,8
DA:52,8
DA:63,1
DA:64,11
DA:65,8
DA:72,7
DA:73,1
DA:74,8
DA:77,3
DA:78,3
DA:79,1
DA:80,2
DA:81,3
DA:87,3
DA:88,0
DA:91,3
DA:93,3
DA:100,3
DA:101,1
DA:102,1
DA:103,1
DA:104,1
DA:109,1
DA:110,0
DA:111,1
DA:112,1
DA:114,0
DA:119,2
DA:120,2
DA:121,3
DA:122,2
DA:123,1
DA:127,1
DA:128,1
DA:137,11
DA:140,11
DA:141,11
DA:142,11
DA:148,11
DA:149,1
DA:150,1
DA:153,0
DA:156,11
DA:162,11
DA:163,1
DA:166,11
DA:176,11
DA:177,1
DA:178,1
DA:179,1
DA:180,1
DA:184,1
DA:187,10
DA:192,3
DA:193,3
DA:194,3
DA:195,3
DA:196,3
DA:197,3
DA:199,3
DA:200,1
DA:203,3
DA:204,2
DA:205,2
DA:206,2
DA:207,2
DA:210,3
DA:215,8
DA:217,8
DA:218,0
DA:222,8
DA:228,8
DA:229,8
DA:230,8
DA:232,8
DA:235,7
DA:236,7
DA:237,3
DA:238,3
DA:239,3
DA:241,3
DA:244,7
LF:88
LH:83
BRDA:38,0,0,0
BRDA:38,0,1,8
BRDA:40,1,0,8
BRDA:40,1,1,0
BRDA:53,2,0,8
BRDA:53,2,1,0
BRDA:54,3,0,8
BRDA:54,3,1,0
BRDA:55,4,0,8
BRDA:55,4,1,0
BRDA:56,5,0,8
BRDA:56,5,1,0
BRDA:64,6,0,8
BRDA:64,6,1,3
BRDA:69,7,0,8
BRDA:69,7,1,5
BRDA:70,8,0,8
BRDA:70,8,1,6
BRDA:77,9,0,3
BRDA:77,9,1,0
BRDA:87,10,0,0
BRDA:87,10,1,3
BRDA:87,11,0,3
BRDA:87,11,1,3
BRDA:100,12,0,1
BRDA:100,12,1,2
BRDA:104,13,0,1
BRDA:104,13,1,0
BRDA:109,14,0,0
BRDA:109,14,1,1
BRDA:111,15,0,1
BRDA:111,15,1,0
BRDA:120,16,0,2
BRDA:120,16,1,0
BRDA:122,17,0,1
BRDA:122,17,1,1
BRDA:148,18,0,1
BRDA:148,18,1,10
BRDA:150,19,0,1
BRDA:150,19,1,0
BRDA:162,20,0,1
BRDA:162,20,1,10
BRDA:176,21,0,1
BRDA:176,21,1,10
BRDA:180,22,0,1
BRDA:180,22,1,0
BRDA:195,23,0,3
BRDA:195,23,1,2
BRDA:196,24,0,3
BRDA:196,24,1,0
BRDA:197,25,0,3
BRDA:197,25,1,0
BRDA:199,26,0,1
BRDA:199,26,1,2
BRDA:203,27,0,2
BRDA:203,27,1,1
BRDA:217,28,0,0
BRDA:217,28,1,8
BRDA:217,29,0,8
BRDA:217,29,1,8
BRDA:222,30,0,8
BRDA:222,30,1,0
BRDA:230,31,0,8
BRDA:230,31,1,0
BRDA:236,32,0,3
BRDA:236,32,1,4
BRDA:239,33,0,3
BRDA:239,33,1,0
BRF:68
BRH:48
end_of_record
TN:
SF:contentScript.js
FN:8,(anonymous_0)
FN:25,(anonymous_1)
FN:51,(anonymous_2)
FN:58,(anonymous_3)
FN:62,scanPageForSaverHooks
FN:78,(anonymous_5)
FN:101,(anonymous_6)
FN:107,findSubmitButton
FN:127,findEditorContainer
FN:134,checkSubmissionSuccess
FN:164,createCustomButton
FN:181,(anonymous_11)
FN:185,(anonymous_12)
FN:193,(anonymous_13)
FN:217,(anonymous_14)
FN:229,(anonymous_15)
FN:248,triggerAutoSave
FN:268,(anonymous_17)
FN:280,(anonymous_18)
FN:296,getCodeAndLanguageFromPage
FN:297,(anonymous_20)
FN:301,(anonymous_21)
FN:308,(anonymous_22)
FN:318,(anonymous_23)
FN:325,(anonymous_24)
FN:346,(anonymous_25)
FN:351,(anonymous_26)
FN:362,getProblemInfo
FN:391,getNotesValue
FN:442,getElementTextValue
FN:457,getCodeMirrorTextValue
FN:462,(anonymous_31)
FN:467,isLikelyUserNote
FN:485,getNotesValueFromStorage
FN:496,(anonymous_34)
FN:503,collectNoteCandidates
FN:522,(anonymous_36)
FN:527,(anonymous_37)
FN:531,getTimerValue
FN:561,showStatusMessage
FN:594,(anonymous_40)
FN:597,(anonymous_41)
FNF:42
FNH:21
FNDA:2,(anonymous_0)
FNDA:3,(anonymous_1)
FNDA:0,(anonymous_2)
FNDA:10,(anonymous_3)
FNDA:12,scanPageForSaverHooks
FNDA:0,(anonymous_5)
FNDA:0,(anonymous_6)
FNDA:21,findSubmitButton
FNDA:9,findEditorContainer
FNDA:1,checkSubmissionSuccess
FNDA:2,createCustomButton
FNDA:0,(anonymous_11)
FNDA:0,(anonymous_12)
FNDA:0,(anonymous_13)
FNDA:0,(anonymous_14)
FNDA:0,(anonymous_15)
FNDA:0,triggerAutoSave
FNDA:0,(anonymous_17)
FNDA:0,(anonymous_18)
FNDA:1,getCodeAndLanguageFromPage
FNDA:1,(anonymous_20)
FNDA:1,(anonymous_21)
FNDA:0,(anonymous_22)
FNDA:0,(anonymous_23)
FNDA:1,(anonymous_24)
FNDA:0,(anonymous_25)
FNDA:0,(anonymous_26)
FNDA:0,getProblemInfo
FNDA:5,getNotesValue
FNDA:3,getElementTextValue
FNDA:1,getCodeMirrorTextValue
FNDA:2,(anonymous_31)
FNDA:4,isLikelyUserNote
FNDA:2,getNotesValueFromStorage
FNDA:0,(anonymous_34)
FNDA:3,collectNoteCandidates
FNDA:0,(anonymous_36)
FNDA:1,(anonymous_37)
FNDA:2,getTimerValue
FNDA:0,showStatusMessage
FNDA:0,(anonymous_40)
FNDA:0,(anonymous_41)
DA:4,1
DA:7,1
DA:9,2
DA:10,2
DA:11,2
DA:13,2
DA:14,1
DA:17,2
DA:19,2
DA:27,3
DA:28,1
DA:29,1
DA:30,1
DA:35,2
DA:36,2
DA:37,1
DA:41,1
DA:42,1
DA:43,0
DA:46,1
DA:51,1
DA:52,0
DA:53,0
DA:58,1
DA:59,10
DA:63,12
DA:65,12
DA:66,9
DA:67,9
DA:69,9
DA:70,2
DA:75,12
DA:76,12
DA:77,2
DA:78,2
DA:79,0
DA:84,12
DA:85,0
DA:86,0
DA:87,0
DA:88,0
DA:97,1
DA:98,1
DA:99,1
DA:101,0
DA:102,0
DA:103,0
DA:109,21
DA:110,21
DA:113,14
DA:114,14
DA:117,14
DA:118,14
DA:119,0
DA:120,0
DA:124,14
DA:128,9
DA:135,1
DA:146,1
DA:147,2
DA:148,2
DA:149,1
DA:154,0
DA:155,0
DA:156,0
DA:157,0
DA:161,0
DA:166,2
DA:167,2
DA:168,2
DA:169,2
DA:170,2
DA:171,2
DA:172,2
DA:173,2
DA:174,2
DA:175,2
DA:176,2
DA:177,2
DA:178,2
DA:181,2
DA:182,0
DA:185,2
DA:186,0
DA:190,2
DA:193,2
DA:194,0
DA:195,0
DA:197,0
DA:199,0
DA:201,0
DA:202,0
DA:205,0
DA:206,0
DA:207,0
DA:210,0
DA:218,0
DA:219,0
DA:221,0
DA:222,0
DA:223,0
DA:224,0
DA:227,0
DA:228,0
DA:229,0
DA:230,0
DA:232,0
DA:234,0
DA:235,0
DA:240,0
DA:241,0
DA:242,0
DA:243,0
DA:249,0
DA:251,0
DA:252,0
DA:253,0
DA:254,0
DA:257,0
DA:258,0
DA:259,0
DA:261,0
DA:269,0
DA:270,0
DA:271,0
DA:272,0
DA:275,0
DA:276,0
DA:277,0
DA:278,0
DA:279,0
DA:280,0
DA:281,0
DA:285,0
DA:286,0
DA:290,0
DA:291,0
DA:297,1
DA:298,1
DA:299,1
DA:301,1
DA:302,1
DA:303,1
DA:304,1
DA:308,1
DA:309,0
DA:310,0
DA:311,0
DA:313,0
DA:318,1
DA:319,0
DA:320,0
DA:321,0
DA:322,0
DA:325,1
DA:326,1
DA:327,1
DA:328,1
DA:329,1
DA:330,1
DA:331,1
DA:336,0
DA:340,1
DA:344,1
DA:345,1
DA:346,1
DA:347,0
DA:348,0
DA:351,1
DA:352,0
DA:353,0
DA:354,0
DA:355,0
DA:356,0
DA:358,1
DA:363,0
DA:364,0
DA:365,0
DA:367,0
DA:368,0
DA:371,0
DA:375,0
DA:376,0
DA:382,0
DA:384,0
DA:392,5
DA:419,5
DA:420,76
DA:421,76
DA:422,3
DA:423,3
DA:427,2
DA:428,2
DA:429,0
DA:430,0
DA:431,0
DA:432,0
DA:435,0
DA:436,0
DA:439,2
DA:443,3
DA:444,3
DA:445,3
DA:446,1
DA:449,2
DA:450,1
DA:453,1
DA:454,1
DA:458,1
DA:459,1
DA:461,1
DA:462,2
DA:464,1
DA:468,4
DA:470,4
DA:471,4
DA:473,4
DA:482,4
DA:486,2
DA:487,2
DA:488,2
DA:489,1
DA:490,1
DA:492,1
DA:493,1
DA:496,2
DA:497,2
DA:499,0
DA:504,3
DA:506,3
DA:507,2
DA:508,2
DA:510,2
DA:511,2
DA:512,1
DA:514,1
DA:515,1
DA:517,1
DA:521,1
DA:522,0
DA:523,0
DA:526,1
DA:527,1
DA:532,2
DA:540,2
DA:541,6
DA:542,6
DA:543,1
DA:544,1
DA:545,1
DA:550,1
DA:551,1
DA:552,1
DA:553,1
DA:554,0
DA:558,1
DA:562,0
DA:563,0
DA:564,0
DA:567,0
DA:568,0
DA:569,0
DA:570,0
DA:571,0
DA:572,0
DA:573,0
DA:574,0
DA:575,0
DA:576,0
DA:577,0
DA:578,0
DA:579,0
DA:580,0
DA:582,0
DA:583,0
DA:584,0
DA:585,0
DA:587,0
DA:588,0
DA:589,0
DA:592,0
DA:594,0
DA:595,0
DA:596,0
DA:597,0
DA:598,0
DA:599,0
DA:605,1
LF:288
LH:150
BRDA:13,0,0,1
BRDA:13,0,1,1
BRDA:13,1,0,2
BRDA:13,1,1,2
BRDA:27,2,0,1
BRDA:27,2,1,2
BRDA:27,3,0,3
BRDA:27,3,1,1
BRDA:29,4,0,1
BRDA:29,4,1,0
BRDA:36,5,0,1
BRDA:36,5,1,1
BRDA:36,6,0,2
BRDA:36,6,1,1
BRDA:42,7,0,0
BRDA:42,7,1,1
BRDA:52,8,0,0
BRDA:52,8,1,0
BRDA:52,9,0,0
BRDA:52,9,1,0
BRDA:52,9,2,0
BRDA:65,10,0,9
BRDA:65,10,1,3
BRDA:69,11,0,2
BRDA:69,11,1,7
BRDA:69,12,0,9
BRDA:69,12,1,2
BRDA:76,13,0,2
BRDA:76,13,1,10
BRDA:76,14,0,12
BRDA:76,14,1,5
BRDA:84,15,0,0
BRDA:84,15,1,12
BRDA:86,16,0,0
BRDA:86,16,1,0
BRDA:97,17,0,1
BRDA:97,17,1,0
BRDA:110,18,0,7
BRDA:110,18,1,14
BRDA:114,19,0,0
BRDA:114,19,1,14
BRDA:119,20,0,0
BRDA:119,20,1,0
BRDA:128,21,0,9
BRDA:128,21,1,9
BRDA:128,21,2,7
BRDA:128,21,3,7
BRDA:148,22,0,1
BRDA:148,22,1,1
BRDA:148,23,0,2
BRDA:148,23,1,1
BRDA:156,24,0,0
BRDA:156,24,1,0
BRDA:201,25,0,0
BRDA:201,25,1,0
BRDA:221,26,0,0
BRDA:221,26,1,0
BRDA:227,27,0,0
BRDA:227,27,1,0
BRDA:227,28,0,0
BRDA:227,28,1,0
BRDA:234,29,0,0
BRDA:234,29,1,0
BRDA:234,30,0,0
BRDA:234,30,1,0
BRDA:253,31,0,0
BRDA:253,31,1,0
BRDA:269,32,0,0
BRDA:269,32,1,0
BRDA:275,33,0,0
BRDA:275,33,1,0
BRDA:275,34,0,0
BRDA:275,34,1,0
BRDA:278,35,0,0
BRDA:278,35,1,0
BRDA:285,36,0,0
BRDA:285,36,1,0
BRDA:285,37,0,0
BRDA:285,37,1,0
BRDA:303,38,0,1
BRDA:303,38,1,0
BRDA:303,39,0,1
BRDA:303,39,1,1
BRDA:319,40,0,0
BRDA:319,40,1,0
BRDA:326,41,0,0
BRDA:326,41,1,1
BRDA:330,42,0,1
BRDA:330,42,1,0
BRDA:330,43,0,1
BRDA:330,43,1,1
BRDA:333,44,0,1
BRDA:333,44,1,0
BRDA:347,45,0,0
BRDA:347,45,1,0
BRDA:347,46,0,0
BRDA:347,46,1,0
BRDA:352,47,0,0
BRDA:352,47,1,0
BRDA:358,48,0,1
BRDA:358,48,1,0
BRDA:367,49,0,0
BRDA:367,49,1,0
BRDA:367,50,0,0
BRDA:367,50,1,0
BRDA:371,51,0,0
BRDA:371,51,1,0
BRDA:371,51,2,0
BRDA:375,52,0,0
BRDA:375,52,1,0
BRDA:375,53,0,0
BRDA:375,53,1,0
BRDA:423,54,0,3
BRDA:423,54,1,0
BRDA:432,55,0,0
BRDA:432,55,1,0
BRDA:436,56,0,0
BRDA:436,56,1,0
BRDA:443,57,0,0
BRDA:443,57,1,3
BRDA:444,58,0,3
BRDA:444,58,1,0
BRDA:445,59,0,1
BRDA:445,59,1,2
BRDA:445,60,0,3
BRDA:445,60,1,2
BRDA:446,61,0,1
BRDA:446,61,1,0
BRDA:449,62,0,1
BRDA:449,62,1,1
BRDA:449,63,0,2
BRDA:449,63,1,2
BRDA:449,63,2,2
BRDA:453,64,0,1
BRDA:453,64,1,1
BRDA:453,64,2,0
BRDA:458,65,0,1
BRDA:458,65,1,0
BRDA:459,66,0,0
BRDA:459,66,1,1
BRDA:462,67,0,2
BRDA:462,67,1,2
BRDA:462,67,2,0
BRDA:468,68,0,0
BRDA:468,68,1,4
BRDA:471,69,0,0
BRDA:471,69,1,4
BRDA:490,70,0,0
BRDA:490,70,1,1
BRDA:490,71,0,1
BRDA:490,71,1,1
BRDA:497,72,0,2
BRDA:497,72,1,1
BRDA:504,73,0,0
BRDA:504,73,1,3
BRDA:504,74,0,3
BRDA:504,74,1,3
BRDA:506,75,0,2
BRDA:506,75,1,1
BRDA:508,76,0,0
BRDA:508,76,1,2
BRDA:514,77,0,1
BRDA:514,77,1,0
BRDA:521,78,0,0
BRDA:521,78,1,1
BRDA:526,79,0,1
BRDA:526,79,1,0
BRDA:544,80,0,1
BRDA:544,80,1,0
BRDA:553,81,0,0
BRDA:553,81,1,1
BRDA:563,82,0,0
BRDA:563,82,1,0
BRDA:582,83,0,0
BRDA:582,83,1,0
BRDA:598,84,0,0
BRDA:598,84,1,0
BRF:177
BRH:83
end_of_record
TN:
SF:options.js
FN:1,(anonymous_0)
FN:18,(anonymous_1)
FN:26,(anonymous_2)
FN:37,(anonymous_3)
FN:60,(anonymous_4)
FN:81,(anonymous_5)
FN:108,(anonymous_6)
FN:113,(anonymous_7)
FN:122,showStatus
FN:127,clearStatus
FNF:10
FNH:8
FNDA:9,(anonymous_0)
FNDA:9,(anonymous_1)
FNDA:2,(anonymous_2)
FNDA:2,(anonymous_3)
FNDA:2,(anonymous_4)
FNDA:5,(anonymous_5)
FNDA:2,(anonymous_6)
FNDA:0,(anonymous_7)
FNDA:9,showStatus
FNDA:0,clearStatus
DA:1,1
DA:2,9
DA:3,9
DA:4,9
DA:5,9
DA:6,9
DA:8,9
DA:9,9
DA:10,9
DA:13,9
DA:19,9
DA:20,9
DA:21,9
DA:22,9
DA:26,9
DA:27,2
DA:28,1
DA:29,1
DA:31,1
DA:32,1
DA:37,9
DA:38,2
DA:39,2
DA:41,2
DA:42,0
DA:43,0
DA:46,2
DA:47,0
DA:48,0
DA:52,2
DA:53,2
DA:54,2
DA:56,2
DA:61,2
DA:62,2
DA:64,2
DA:65,0
DA:66,0
DA:69,2
DA:70,1
DA:71,1
DA:72,1
DA:74,1
DA:75,1
DA:81,9
DA:82,5
DA:83,5
DA:84,5
DA:86,5
DA:87,1
DA:88,1
DA:91,4
DA:92,1
DA:93,1
DA:96,3
DA:97,1
DA:98,1
DA:101,2
DA:103,2
DA:109,2
DA:110,2
DA:113,2
DA:115,0
DA:116,0
DA:123,9
DA:124,9
DA:128,0
DA:129,0
LF:68
LH:58
BRDA:19,0,0,9
BRDA:19,0,1,0
BRDA:20,1,0,9
BRDA:20,1,1,0
BRDA:21,2,0,9
BRDA:21,2,1,0
BRDA:22,3,0,9
BRDA:22,3,1,0
BRDA:27,4,0,1
BRDA:27,4,1,1
BRDA:41,5,0,0
BRDA:41,5,1,2
BRDA:46,6,0,0
BRDA:46,6,1,2
BRDA:46,7,0,2
BRDA:46,7,1,2
BRDA:64,8,0,0
BRDA:64,8,1,2
BRDA:69,9,0,1
BRDA:69,9,1,1
BRDA:69,10,0,2
BRDA:69,10,1,2
BRDA:71,11,0,0
BRDA:71,11,1,1
BRDA:74,12,0,1
BRDA:74,12,1,0
BRDA:74,13,0,1
BRDA:74,13,1,1
BRDA:84,14,0,5
BRDA:84,14,1,0
BRDA:86,15,0,1
BRDA:86,15,1,4
BRDA:91,16,0,1
BRDA:91,16,1,3
BRDA:96,17,0,1
BRDA:96,17,1,2
BRDA:115,18,0,0
BRDA:115,18,1,0
BRF:38
BRH:26
end_of_record
